  Assembling P_13_SaltosCondicionales.asm...
  Assembling P_1_TransferenciaDatos.asm...
  Assembling P_2_IntroOpArit.asm...
  Assembling P_3_EscrituraEnPantalla_.asm...
  Assembling P_4_LeerDatosConsola.asm...
  Assembling P_5_ImprimeCadenaEnConsola.asm...
  Assembling P_6_Op_SUB_.asm...
  Assembling P_7_Multiplicacion_.asm...
  Assembling P_8_Division_.asm...
  Assembling P_9_EcuacionLinealRecta.asm...
P_0_Plantilla.obj : warning LNK4258: la directiva '/ENTRY:main@0' no es compatible con el modificador '/ENTRY:main13'; se ha omitido
P_10_Promedio5Numeros.obj : warning LNK4258: la directiva '/ENTRY:main10@0' no es compatible con el modificador '/ENTRY:main13'; se ha omitido
P_11_AreaRectangulo.obj : warning LNK4258: la directiva '/ENTRY:main11@0' no es compatible con el modificador '/ENTRY:main13'; se ha omitido
P_12_IntroSaltosIncondicionales.obj : warning LNK4258: la directiva '/ENTRY:main12@0' no es compatible con el modificador '/ENTRY:main13'; se ha omitido
P_13_SaltosCondicionales.obj : warning LNK4258: la directiva '/ENTRY:main13@0' no es compatible con el modificador '/ENTRY:main13'; se ha omitido
P_1_TransferenciaDatos.obj : warning LNK4258: la directiva '/ENTRY:main1@0' no es compatible con el modificador '/ENTRY:main13'; se ha omitido
P_2_IntroOpArit.obj : warning LNK4258: la directiva '/ENTRY:main2@0' no es compatible con el modificador '/ENTRY:main13'; se ha omitido
P_3_EscrituraEnPantalla_.obj : warning LNK4258: la directiva '/ENTRY:main3@0' no es compatible con el modificador '/ENTRY:main13'; se ha omitido
P_4_LeerDatosConsola.obj : warning LNK4258: la directiva '/ENTRY:main4@0' no es compatible con el modificador '/ENTRY:main13'; se ha omitido
P_5_ImprimeCadenaEnConsola.obj : warning LNK4258: la directiva '/ENTRY:main5@0' no es compatible con el modificador '/ENTRY:main13'; se ha omitido
P_6_Op_SUB_.obj : warning LNK4258: la directiva '/ENTRY:main6@0' no es compatible con el modificador '/ENTRY:main13'; se ha omitido
P_7_Multiplicacion_.obj : warning LNK4258: la directiva '/ENTRY:main7@0' no es compatible con el modificador '/ENTRY:main13'; se ha omitido
P_8_Division_.obj : warning LNK4258: la directiva '/ENTRY:main8@0' no es compatible con el modificador '/ENTRY:main13'; se ha omitido
P_9_EcuacionLinealRecta.obj : warning LNK4258: la directiva '/ENTRY:main9@0' no es compatible con el modificador '/ENTRY:main13'; se ha omitido
  PM_U2_EQ1.vcxproj -> C:\Users\Reyna\source\repos\PM_U2_EQ1\Debug\PM_U2_EQ1.exe
